<?xml version="1.0" encoding="UTF-8"?>
<testExecutions version="1">
  <file path="D:\PROYECTOS\PROYECTO NVRe - SNISVE\Repositorios\rnve-v2-backend\backend-base\src\common\validation\correo-lista.validator.spec.ts">
    <testCase name="CorreoLista validator Debería retornar false para entradas undefined o null" duration="14"/>
    <testCase name="CorreoLista validator Debería retornar false para correos sin el formato correcto" duration="1"/>
    <testCase name="CorreoLista validator Debería retornar true para correos que no esten en la lista negra" duration="2"/>
  </file>
  <file path="D:\PROYECTOS\PROYECTO NVRe - SNISVE\Repositorios\rnve-v2-backend\backend-base\src\common\validation\nombre-apellido.validator.spec.ts">
    <testCase name="NombreApellido validator Debería retornar false para entradas undefined o null" duration="16"/>
    <testCase name="NombreApellido validator Debería retornar false para entradas con longitud &lt; 3 y &gt; 30" duration="1"/>
    <testCase name="NombreApellido validator Debería retornar false para entradas con caracteres inválidos" duration="1"/>
    <testCase name="NombreApellido validator Debería retornar true para entradas con acentos, ñ, apóstrofes y dierecis" duration="1"/>
  </file>
  <file path="D:\PROYECTOS\PROYECTO NVRe - SNISVE\Repositorios\rnve-v2-backend\backend-base\src\common\validation\nro-documento.validator.spec.ts">
    <testCase name="NroDocumento validator Debería retornar false para entradas undefined o null" duration="2"/>
    <testCase name="NroDocumento validator Debería retornar false para entradas con longitud &lt; 4 y &gt; 10" duration="1"/>
    <testCase name="NroDocumento validator Debería retornar true para entradas con formato extranjero" duration="0"/>
    <testCase name="NroDocumento validator Debería retornar false para entradas con formato extranjero cuando se deshabilita la validación" duration="1"/>
    <testCase name="NroDocumento validator Debería retornar true para entradas con formato con complemento" duration="1"/>
    <testCase name="NroDocumento validator Debería retornar false para entradas con formato con complemento cuando se deshabilita la validación" duration="2"/>
  </file>
</testExecutions>